
**** Build of configuration CPU1_RAM for project i2c_ex3_external_loopback ****

"C:\\ti\\ccs1040\\ccs\\utils\\bin\\gmake" -k -j 4 all -O 
 
Building file: "../max30101Init.c"
Invoking: C2000 Compiler
"C:/ti/ccs1040/ccs/tools/compiler/ti-cgt-c2000_21.6.0.LTS/bin/cl2000" -v28 -ml -mt --cla_support=cla1 --float_support=fpu32 --tmu_support=tmu0 --vcu_support=vcu2 -Ooff --include_path="C:/Users/abdul/OneDrive/Desktop/dsp_board/dsp_code/Black_box_PPG/V5/i2c_ex3_external_loopback/i2c_ex3_external_loopback" --include_path="C:/Users/abdul/OneDrive/Desktop/dsp_board/dsp_code/Black_box_PPG/V5/i2c_ex3_external_loopback/i2c_ex3_external_loopback/device" --include_path="C:/ti/C2000Ware_4_01_00_00/driverlib/f2837xd/driverlib" --include_path="C:/ti/ccs1040/ccs/tools/compiler/ti-cgt-c2000_21.6.0.LTS/include" --define=_LAUNCHXL_F28379D --define=DEBUG --define=CPU1 --diag_suppress=10063 --diag_warning=225 --diag_wrap=off --display_error_number --abi=eabi --preproc_with_compile --preproc_dependency="max30101Init.d_raw" --include_path="C:/Users/abdul/OneDrive/Desktop/dsp_board/dsp_code/Black_box_PPG/V5/i2c_ex3_external_loopback/i2c_ex3_external_loopback/CPU1_RAM/syscfg"  "../max30101Init.c"
"../max30101Init.c", line 9: warning #225-D: function "setup" declared implicitly
"../max30101Init.c", line 6: warning #552-D: variable "test" was set but never used
"../max30101Init.c", line 24: warning #161-D: declaration is incompatible with previous "setup" (declared at line 9)
"../max30101Init.c", line 61: warning #169-D: argument of type "uint8_t" is incompatible with parameter of type "uint8_t *"
"../max30101Init.c", line 68: warning #169-D: argument of type "uint8_t" is incompatible with parameter of type "uint8_t *"
"../max30101Init.c", line 75: warning #169-D: argument of type "uint8_t" is incompatible with parameter of type "uint8_t *"
"../max30101Init.c", line 96 (col. 12): advice #3195-D: (Performance) EABI double precision is 64-bits as opposed to 32-bits for COFF. Consider changing doubles to floats for improved performance in FPU32-mode.
"../max30101Init.c", line 96 (col. 27): advice #3195-D: (Performance) EABI double precision is 64-bits as opposed to 32-bits for COFF. Consider changing doubles to floats for improved performance in FPU32-mode.
"../max30101Init.c", line 96 (col. 12): advice #3195-D: (Performance) EABI double precision is 64-bits as opposed to 32-bits for COFF. Consider changing doubles to floats for improved performance in FPU32-mode.
"../max30101Init.c", line 96 (col. 46): advice #3195-D: (Performance) EABI double precision is 64-bits as opposed to 32-bits for COFF. Consider changing doubles to floats for improved performance in FPU32-mode.
"../max30101Init.c", line 96 (col. 30): advice #3195-D: (Performance) EABI double precision is 64-bits as opposed to 32-bits for COFF. Consider changing doubles to floats for improved performance in FPU32-mode.
Finished building: "../max30101Init.c"
 
Building target: "i2c_ex3_external_loopback.out"
Invoking: C2000 Linker
"C:/ti/ccs1040/ccs/tools/compiler/ti-cgt-c2000_21.6.0.LTS/bin/cl2000" -v28 -ml -mt --cla_support=cla1 --float_support=fpu32 --tmu_support=tmu0 --vcu_support=vcu2 -Ooff --define=_LAUNCHXL_F28379D --define=DEBUG --define=CPU1 --diag_suppress=10063 --diag_warning=225 --diag_wrap=off --display_error_number --abi=eabi -z -m"i2c_ex3_external_loopback.map" --heap_size=0x200 --stack_size=0x3F8 --warn_sections -i"C:/ti/ccs1040/ccs/tools/compiler/ti-cgt-c2000_21.6.0.LTS/lib" -i"C:/ti/ccs1040/ccs/tools/compiler/ti-cgt-c2000_21.6.0.LTS/include" --reread_libs --define=RAM --diag_wrap=off --display_error_number --xml_link_info="i2c_ex3_external_loopback_linkInfo.xml" --entry_point=code_start --rom_model -o "i2c_ex3_external_loopback.out" "./data_packer.obj" "./i2cInit.obj" "./i2c_ex3_external_loopback.obj" "./max30101Init.obj" "./device/F2837xD_CodeStartBranch.obj" "./device/device.obj" "../2837xD_RAM_lnk_cpu1.cmd" "C:/ti/C2000Ware_4_01_00_00/driverlib/f2837xd/driverlib/ccs/Debug/driverlib.lib"  -llibc.a 
<Linking>
Finished building target: "i2c_ex3_external_loopback.out"
 

**** Build Finished ****
