
**** Build of configuration CPU1_RAM for project sci_ex1_loopback ****

"C:\\ti\\ccs1040\\ccs\\utils\\bin\\gmake" -k -j 4 all -O 
 
Building file: "../sci_ex1_loopback.syscfg"
Invoking: SysConfig
"C:/ti/ccs1040/ccs/utils/sysconfig_1.9.0/sysconfig_cli.bat" -s "C:/ti/C2000Ware_3_04_00_00_Software/.metadata/sdk.json" -d "F2837xD" --script "C:/Users/abdul/OneDrive/Desktop/dsp_board/dsp_code/v2.1/sci_ex1_loopback/sci_ex1_loopback.syscfg" -o "syscfg" --compiler ccs
Running script...
Validating...
Generating Code (sci_ex1_loopback.syscfg)...
 
Writing C:\Users\abdul\OneDrive\Desktop\dsp_board\dsp_code\v2.1\sci_ex1_loopback\CPU1_RAM\syscfg\board.c...
Writing C:\Users\abdul\OneDrive\Desktop\dsp_board\dsp_code\v2.1\sci_ex1_loopback\CPU1_RAM\syscfg\board.h...
Writing C:\Users\abdul\OneDrive\Desktop\dsp_board\dsp_code\v2.1\sci_ex1_loopback\CPU1_RAM\syscfg\pinmux.csv...
Finished building: "../sci_ex1_loopback.syscfg"
 
Building file: "../device/F2837xD_CodeStartBranch.asm"
Invoking: C2000 Compiler
"C:/ti/ccs1040/ccs/tools/compiler/ti-cgt-c2000_20.2.5.LTS/bin/cl2000" -v28 -ml -mt --cla_support=cla1 --float_support=fpu32 --tmu_support=tmu0 --vcu_support=vcu2 -Ooff --include_path="C:/Users/abdul/OneDrive/Desktop/dsp_board/dsp_code/v2.1/sci_ex1_loopback" --include_path="C:/Users/abdul/OneDrive/Desktop/dsp_board/dsp_code/v2.1/sci_ex1_loopback/device" --include_path="C:/ti/C2000Ware_3_04_00_00_Software/driverlib/f2837xd/driverlib" --include_path="C:/ti/ccs1040/ccs/tools/compiler/ti-cgt-c2000_20.2.5.LTS/include" --define=_LAUNCHXL_F28379D --define=DEBUG --define=CPU1 --diag_suppress=10063 --diag_warning=225 --diag_wrap=off --display_error_number --abi=eabi --preproc_with_compile --preproc_dependency="device/F2837xD_CodeStartBranch.d_raw" --include_path="C:/Users/abdul/OneDrive/Desktop/dsp_board/dsp_code/v2.1/sci_ex1_loopback/CPU1_RAM/syscfg" --obj_directory="device"  "../device/F2837xD_CodeStartBranch.asm"
Finished building: "../device/F2837xD_CodeStartBranch.asm"
 
Building file: "../sci_ex1_loopback.c"
Invoking: C2000 Compiler
"C:/ti/ccs1040/ccs/tools/compiler/ti-cgt-c2000_20.2.5.LTS/bin/cl2000" -v28 -ml -mt --cla_support=cla1 --float_support=fpu32 --tmu_support=tmu0 --vcu_support=vcu2 -Ooff --include_path="C:/Users/abdul/OneDrive/Desktop/dsp_board/dsp_code/v2.1/sci_ex1_loopback" --include_path="C:/Users/abdul/OneDrive/Desktop/dsp_board/dsp_code/v2.1/sci_ex1_loopback/device" --include_path="C:/ti/C2000Ware_3_04_00_00_Software/driverlib/f2837xd/driverlib" --include_path="C:/ti/ccs1040/ccs/tools/compiler/ti-cgt-c2000_20.2.5.LTS/include" --define=_LAUNCHXL_F28379D --define=DEBUG --define=CPU1 --diag_suppress=10063 --diag_warning=225 --diag_wrap=off --display_error_number --abi=eabi --preproc_with_compile --preproc_dependency="sci_ex1_loopback.d_raw" --include_path="C:/Users/abdul/OneDrive/Desktop/dsp_board/dsp_code/v2.1/sci_ex1_loopback/CPU1_RAM/syscfg"  "../sci_ex1_loopback.c"
Finished building: "../sci_ex1_loopback.c"
 
Building file: "syscfg/board.c"
Invoking: C2000 Compiler
"C:/ti/ccs1040/ccs/tools/compiler/ti-cgt-c2000_20.2.5.LTS/bin/cl2000" -v28 -ml -mt --cla_support=cla1 --float_support=fpu32 --tmu_support=tmu0 --vcu_support=vcu2 -Ooff --include_path="C:/Users/abdul/OneDrive/Desktop/dsp_board/dsp_code/v2.1/sci_ex1_loopback" --include_path="C:/Users/abdul/OneDrive/Desktop/dsp_board/dsp_code/v2.1/sci_ex1_loopback/device" --include_path="C:/ti/C2000Ware_3_04_00_00_Software/driverlib/f2837xd/driverlib" --include_path="C:/ti/ccs1040/ccs/tools/compiler/ti-cgt-c2000_20.2.5.LTS/include" --define=_LAUNCHXL_F28379D --define=DEBUG --define=CPU1 --diag_suppress=10063 --diag_warning=225 --diag_wrap=off --display_error_number --abi=eabi --preproc_with_compile --preproc_dependency="syscfg/board.d_raw" --include_path="C:/Users/abdul/OneDrive/Desktop/dsp_board/dsp_code/v2.1/sci_ex1_loopback/CPU1_RAM/syscfg" --obj_directory="syscfg"  "syscfg/board.c"
Finished building: "syscfg/board.c"
 
Building file: "../device/device.c"
Invoking: C2000 Compiler
"C:/ti/ccs1040/ccs/tools/compiler/ti-cgt-c2000_20.2.5.LTS/bin/cl2000" -v28 -ml -mt --cla_support=cla1 --float_support=fpu32 --tmu_support=tmu0 --vcu_support=vcu2 -Ooff --include_path="C:/Users/abdul/OneDrive/Desktop/dsp_board/dsp_code/v2.1/sci_ex1_loopback" --include_path="C:/Users/abdul/OneDrive/Desktop/dsp_board/dsp_code/v2.1/sci_ex1_loopback/device" --include_path="C:/ti/C2000Ware_3_04_00_00_Software/driverlib/f2837xd/driverlib" --include_path="C:/ti/ccs1040/ccs/tools/compiler/ti-cgt-c2000_20.2.5.LTS/include" --define=_LAUNCHXL_F28379D --define=DEBUG --define=CPU1 --diag_suppress=10063 --diag_warning=225 --diag_wrap=off --display_error_number --abi=eabi --preproc_with_compile --preproc_dependency="device/device.d_raw" --include_path="C:/Users/abdul/OneDrive/Desktop/dsp_board/dsp_code/v2.1/sci_ex1_loopback/CPU1_RAM/syscfg" --obj_directory="device"  "../device/device.c"
Finished building: "../device/device.c"
 
Building target: "sci_ex1_loopback.out"
Invoking: C2000 Linker
"C:/ti/ccs1040/ccs/tools/compiler/ti-cgt-c2000_20.2.5.LTS/bin/cl2000" -v28 -ml -mt --cla_support=cla1 --float_support=fpu32 --tmu_support=tmu0 --vcu_support=vcu2 -Ooff --define=_LAUNCHXL_F28379D --define=DEBUG --define=CPU1 --diag_suppress=10063 --diag_warning=225 --diag_wrap=off --display_error_number --abi=eabi -z -m"sci_ex1_loopback.map" --heap_size=0x200 --stack_size=0x3F8 --warn_sections -i"C:/ti/ccs1040/ccs/tools/compiler/ti-cgt-c2000_20.2.5.LTS/lib" -i"C:/ti/ccs1040/ccs/tools/compiler/ti-cgt-c2000_20.2.5.LTS/include" --reread_libs --define=RAM --diag_wrap=off --display_error_number --xml_link_info="sci_ex1_loopback_linkInfo.xml" --entry_point=code_start --rom_model -o "sci_ex1_loopback.out" "./sci_ex1_loopback.obj" "./syscfg/board.obj" "./device/F2837xD_CodeStartBranch.obj" "./device/device.obj" "../2837xD_RAM_lnk_cpu1.cmd" "C:/ti/C2000Ware_3_04_00_00_Software/driverlib/f2837xd/driverlib/ccs/Debug/driverlib.lib"  -llibc.a 
<Linking>
Finished building target: "sci_ex1_loopback.out"
 

**** Build Finished ****
